\BOOKMARK [1][-]{section.1}{\376\377\000I\000n\000t\000r\000o\000d\000u\000c\000t\000i\000o\000n}{}% 1
\BOOKMARK [1][-]{section.2}{\376\377\000R\000e\000q\000u\000i\000r\000e\000m\000e\000n\000t\000s}{}% 2
\BOOKMARK [2][-]{subsection.2.1}{\376\377\000R\000e\000q\000u\000i\000r\000e\000m\000e\000n\000t\000s\000\040\000u\000s\000i\000n\000g\000\040\000F\000U\000R\000P\000S}{section.2}% 3
\BOOKMARK [1][-]{section.3}{\376\377\000A\000n\000a\000l\000y\000s\000i\000s}{}% 4
\BOOKMARK [2][-]{subsubsection.3.0.1}{\376\377\000P\000e\000r\000s\000o\000n\000a\000s}{section.3}% 5
\BOOKMARK [3][-]{subsubsection.3.0.2}{\376\377\000U\000s\000e\000r\000\040\000S\000t\000o\000r\000i\000e\000s}{subsubsection.3.0.1}% 6
\BOOKMARK [1][-]{section.4}{\376\377\000D\000e\000s\000i\000g\000n}{}% 7
\BOOKMARK [1][-]{section.5}{\376\377\000I\000m\000p\000l\000e\000m\000e\000n\000t\000a\000t\000i\000o\000n}{}% 8
\BOOKMARK [2][-]{subsubsection.5.0.1}{\376\377\000T\000e\000c\000h\000n\000o\000l\000o\000g\000i\000e\000s}{section.5}% 9
\BOOKMARK [2][-]{subsection.5.1}{\376\377\000D\000e\000s\000i\000g\000n\000\040\000I\000m\000p\000l\000e\000m\000e\000n\000t\000a\000t\000i\000o\000n}{section.5}% 10
\BOOKMARK [3][-]{subsubsection.5.1.1}{\376\377\000A\000r\000c\000h\000i\000t\000e\000c\000t\000u\000r\000e\000\040\000I\000m\000p\000l\000e\000m\000e\000n\000t\000a\000t\000i\000o\000n}{subsection.5.1}% 11
\BOOKMARK [4][-]{subsubsubsection.5.1.1.1}{\376\377\000D\000e\000p\000l\000o\000y\000m\000e\000n\000t\000\040\000D\000i\000a\000g\000r\000a\000m}{subsubsection.5.1.1}% 12
\BOOKMARK [4][-]{subsubsubsection.5.1.1.2}{\376\377\000S\000e\000q\000u\000e\000n\000c\000e\000\040\000d\000i\000a\000g\000r\000a\000m}{subsubsection.5.1.1}% 13
\BOOKMARK [4][-]{subsubsubsection.5.1.1.3}{\376\377\000S\000e\000q\000u\000e\000n\000c\000e\000\040\000d\000i\000a\000g\000r\000a\000m}{subsubsection.5.1.1}% 14
\BOOKMARK [1][-]{section.6}{\376\377\000T\000e\000s\000t\000s}{}% 15
\BOOKMARK [2][-]{subsection.6.1}{\376\377\000U\000n\000i\000t\000\040\000t\000e\000s\000t\000s}{section.6}% 16
\BOOKMARK [2][-]{subsection.6.2}{\376\377\000M\000a\000c\000h\000i\000n\000e\000\040\000t\000e\000s\000t\000s}{section.6}% 17
\BOOKMARK [3][-]{subsubsection.6.2.1}{\376\377\000M\000a\000c\000h\000i\000n\000e\000\040\000s\000p\000e\000e\000d\000\040\000c\000a\000l\000c\000u\000l\000a\000t\000i\000o\000n}{subsection.6.2}% 18
\BOOKMARK [3][-]{subsubsection.6.2.2}{\376\377\000P\000i\000l\000s\000n\000e\000r}{subsection.6.2}% 19
\BOOKMARK [3][-]{subsubsection.6.2.3}{\376\377\000W\000h\000e\000a\000t}{subsection.6.2}% 20
\BOOKMARK [3][-]{subsubsection.6.2.4}{\376\377\000I\000P\000A}{subsection.6.2}% 21
\BOOKMARK [3][-]{subsubsection.6.2.5}{\376\377\000S\000t\000o\000u\000t}{subsection.6.2}% 22
\BOOKMARK [3][-]{subsubsection.6.2.6}{\376\377\000A\000l\000e}{subsection.6.2}% 23
\BOOKMARK [3][-]{subsubsection.6.2.7}{\376\377\000A\000l\000c\000o\000h\000o\000l\000\040\000F\000r\000e\000e}{subsection.6.2}% 24
\BOOKMARK [1][-]{section.7}{\376\377\000D\000i\000s\000c\000u\000s\000s\000i\000o\000n}{}% 25
\BOOKMARK [1][-]{section.7}{\376\377\000L\000i\000s\000t\000\040\000o\000f\000\040\000F\000i\000g\000u\000r\000e\000s}{}% 26
\BOOKMARK [1][-]{section.7}{\376\377\000L\000i\000s\000t\000\040\000o\000f\000\040\000T\000a\000b\000l\000e\000s}{}% 27
